app/build/intermediates/manifest_merge_blame_file/debug/processDebugMainManifest/manifest-merger-blame-debug-report.txt
1<?xml version="1.0" encoding="utf-8"?>
2<manifest xmlns:android="http://schemas.android.com/apk/res/android"
3    package="com.example.gestionturnosapp"
4    android:versionCode="4"
5    android:versionName="1.0.5-PREMIUM" >
6
7    <uses-sdk
8        android:minSdkVersion="24"
9        android:targetSdkVersion="35" />
10
11    <uses-permission android:name="android.permission.INTERNET" />
11-->src\main\AndroidManifest.xml:6:5-67
11-->src\main\AndroidManifest.xml:6:22-64
12    <uses-permission android:name="android.permission.ACCESS_NETWORK_STATE" />
12-->src\main\AndroidManifest.xml:7:5-79
12-->src\main\AndroidManifest.xml:7:22-76
13    <uses-permission android:name="android.permission.POST_NOTIFICATIONS" />
13-->src\main\AndroidManifest.xml:8:5-77
13-->src\main\AndroidManifest.xml:8:22-74
14    <uses-permission android:name="android.permission.RECEIVE_BOOT_COMPLETED" />
14-->src\main\AndroidManifest.xml:9:5-81
14-->src\main\AndroidManifest.xml:9:22-78
15    <uses-permission android:name="android.permission.SCHEDULE_EXACT_ALARM" />
15-->src\main\AndroidManifest.xml:10:5-79
15-->src\main\AndroidManifest.xml:10:22-76
16    <uses-permission android:name="android.permission.WAKE_LOCK" />
16-->src\main\AndroidManifest.xml:11:5-68
16-->src\main\AndroidManifest.xml:11:22-65
17    <uses-permission android:name="android.permission.ACCESS_FINE_LOCATION" />
17-->src\main\AndroidManifest.xml:12:5-79
17-->src\main\AndroidManifest.xml:12:22-76
18    <uses-permission android:name="android.permission.ACCESS_COARSE_LOCATION" />
18-->src\main\AndroidManifest.xml:13:5-81
18-->src\main\AndroidManifest.xml:13:22-78
19    <uses-permission android:name="android.permission.SEND_SMS" />
19-->src\main\AndroidManifest.xml:14:5-67
19-->src\main\AndroidManifest.xml:14:22-64
20    <uses-permission android:name="android.permission.CALL_PHONE" />
20-->src\main\AndroidManifest.xml:15:5-69
20-->src\main\AndroidManifest.xml:15:22-66
21
22    <uses-feature
22-->src\main\AndroidManifest.xml:17:5-88
23        android:name="android.hardware.telephony"
23-->src\main\AndroidManifest.xml:17:19-60
24        android:required="false" />
24-->src\main\AndroidManifest.xml:17:61-85
25    <uses-feature
25-->src\main\AndroidManifest.xml:18:5-91
26        android:name="android.hardware.location.gps"
26-->src\main\AndroidManifest.xml:18:19-63
27        android:required="false" />
27-->src\main\AndroidManifest.xml:18:64-88
28
29    <uses-permission android:name="android.permission.USE_BIOMETRIC" /> <!-- suppress DeprecatedClassUsageInspection -->
29-->[androidx.biometric:biometric:1.1.0] AndroidManifest.xml:24:5-72
29-->[androidx.biometric:biometric:1.1.0] AndroidManifest.xml:24:22-69
30    <uses-permission android:name="android.permission.USE_FINGERPRINT" /> <!-- Required by older versions of Google Play services to create IID tokens -->
30-->[androidx.biometric:biometric:1.1.0] AndroidManifest.xml:27:5-74
30-->[androidx.biometric:biometric:1.1.0] AndroidManifest.xml:27:22-71
31    <uses-permission android:name="com.google.android.c2dm.permission.RECEIVE" />
31-->[com.google.firebase:firebase-messaging:24.1.0] AndroidManifest.xml:26:5-82
31-->[com.google.firebase:firebase-messaging:24.1.0] AndroidManifest.xml:26:22-79
32    <uses-permission android:name="com.google.android.finsky.permission.BIND_GET_INSTALL_REFERRER_SERVICE" />
32-->[com.google.android.gms:play-services-measurement:22.1.2] AndroidManifest.xml:26:5-110
32-->[com.google.android.gms:play-services-measurement:22.1.2] AndroidManifest.xml:26:22-107
33    <uses-permission android:name="com.google.android.gms.permission.AD_ID" />
33-->[com.google.android.gms:play-services-measurement-impl:22.1.2] AndroidManifest.xml:27:5-79
33-->[com.google.android.gms:play-services-measurement-impl:22.1.2] AndroidManifest.xml:27:22-76
34    <uses-permission android:name="android.permission.ACCESS_ADSERVICES_ATTRIBUTION" />
34-->[com.google.android.gms:play-services-measurement-api:22.1.2] AndroidManifest.xml:26:5-88
34-->[com.google.android.gms:play-services-measurement-api:22.1.2] AndroidManifest.xml:26:22-85
35    <uses-permission android:name="android.permission.ACCESS_ADSERVICES_AD_ID" />
35-->[com.google.android.gms:play-services-measurement-api:22.1.2] AndroidManifest.xml:27:5-82
35-->[com.google.android.gms:play-services-measurement-api:22.1.2] AndroidManifest.xml:27:22-79
36    <uses-permission android:name="android.permission.FOREGROUND_SERVICE" />
36-->[androidx.work:work-runtime:2.10.0] AndroidManifest.xml:26:5-77
36-->[androidx.work:work-runtime:2.10.0] AndroidManifest.xml:26:22-74
37
38    <permission
38-->[androidx.core:core:1.15.0] AndroidManifest.xml:22:5-24:47
39        android:name="com.example.gestionturnosapp.DYNAMIC_RECEIVER_NOT_EXPORTED_PERMISSION"
39-->[androidx.core:core:1.15.0] AndroidManifest.xml:23:9-81
40        android:protectionLevel="signature" />
40-->[androidx.core:core:1.15.0] AndroidManifest.xml:24:9-44
41
42    <uses-permission android:name="com.example.gestionturnosapp.DYNAMIC_RECEIVER_NOT_EXPORTED_PERMISSION" />
42-->[androidx.core:core:1.15.0] AndroidManifest.xml:26:5-97
42-->[androidx.core:core:1.15.0] AndroidManifest.xml:26:22-94
43
44    <application
44-->src\main\AndroidManifest.xml:20:5-68:19
45        android:name="com.example.gestionturnosapp.GestionTurnosApp"
45-->src\main\AndroidManifest.xml:21:9-41
46        android:allowBackup="true"
46-->src\main\AndroidManifest.xml:22:9-35
47        android:appComponentFactory="androidx.core.app.CoreComponentFactory"
47-->[androidx.core:core:1.15.0] AndroidManifest.xml:28:18-86
48        android:debuggable="true"
49        android:extractNativeLibs="true"
50        android:icon="@mipmap/ic_launcher"
50-->src\main\AndroidManifest.xml:23:9-43
51        android:label="@string/app_name"
51-->src\main\AndroidManifest.xml:24:9-41
52        android:roundIcon="@mipmap/ic_launcher_round"
52-->src\main\AndroidManifest.xml:25:9-54
53        android:testOnly="true"
54        android:theme="@style/Theme.GestionTurnosApp"
54-->src\main\AndroidManifest.xml:26:9-54
55        android:usesCleartextTraffic="true" >
55-->src\main\AndroidManifest.xml:27:9-44
56        <activity
56-->src\main\AndroidManifest.xml:29:9-37:20
57            android:name="com.example.gestionturnosapp.MainActivity"
57-->src\main\AndroidManifest.xml:30:13-41
58            android:exported="true"
58-->src\main\AndroidManifest.xml:31:13-36
59            android:theme="@style/Theme.App.Starting" >
59-->src\main\AndroidManifest.xml:32:13-54
60            <intent-filter>
60-->src\main\AndroidManifest.xml:33:13-36:29
61                <action android:name="android.intent.action.MAIN" />
61-->src\main\AndroidManifest.xml:34:17-69
61-->src\main\AndroidManifest.xml:34:25-66
62
63                <category android:name="android.intent.category.LAUNCHER" />
63-->src\main\AndroidManifest.xml:35:17-77
63-->src\main\AndroidManifest.xml:35:27-74
64            </intent-filter>
65        </activity>
66
67        <receiver
67-->src\main\AndroidManifest.xml:39:9-48:20
68            android:name="com.example.gestionturnosapp.notifications.ReminderReceiver"
68-->src\main\AndroidManifest.xml:40:13-59
69            android:exported="true"
69-->src\main\AndroidManifest.xml:41:13-36
70            android:permission="android.permission.RECEIVE_BOOT_COMPLETED" >
70-->src\main\AndroidManifest.xml:42:13-75
71            <intent-filter>
71-->src\main\AndroidManifest.xml:43:13-47:29
72                <action android:name="android.intent.action.BOOT_COMPLETED" />
72-->src\main\AndroidManifest.xml:44:17-79
72-->src\main\AndroidManifest.xml:44:25-76
73                <action android:name="android.intent.action.MY_PACKAGE_REPLACED" />
73-->src\main\AndroidManifest.xml:45:17-84
73-->src\main\AndroidManifest.xml:45:25-81
74
75                <category android:name="android.intent.category.DEFAULT" />
75-->src\main\AndroidManifest.xml:46:17-76
75-->src\main\AndroidManifest.xml:46:27-73
76            </intent-filter>
77        </receiver>
78
79        <service
79-->src\main\AndroidManifest.xml:50:9-56:19
80            android:name="com.example.gestionturnosapp.notifications.GestionTurnosFCMService"
80-->src\main\AndroidManifest.xml:51:13-66
81            android:exported="false" >
81-->src\main\AndroidManifest.xml:52:13-37
82            <intent-filter>
82-->src\main\AndroidManifest.xml:53:13-55:29
83                <action android:name="com.google.firebase.MESSAGING_EVENT" />
83-->src\main\AndroidManifest.xml:54:17-78
83-->src\main\AndroidManifest.xml:54:25-75
84            </intent-filter>
85        </service>
86
87        <provider
88            android:name="androidx.core.content.FileProvider"
88-->src\main\AndroidManifest.xml:59:13-62
89            android:authorities="com.example.gestionturnosapp.fileprovider"
89-->src\main\AndroidManifest.xml:60:13-64
90            android:exported="false"
90-->src\main\AndroidManifest.xml:61:13-37
91            android:grantUriPermissions="true" >
91-->src\main\AndroidManifest.xml:62:13-47
92            <meta-data
92-->src\main\AndroidManifest.xml:63:13-65:54
93                android:name="android.support.FILE_PROVIDER_PATHS"
93-->src\main\AndroidManifest.xml:64:17-67
94                android:resource="@xml/file_paths" />
94-->src\main\AndroidManifest.xml:65:17-51
95        </provider>
96
97        <service
97-->[com.google.android.gms:play-services-mlkit-text-recognition-common:19.1.0] AndroidManifest.xml:9:9-15:19
98            android:name="com.google.mlkit.common.internal.MlKitComponentDiscoveryService"
98-->[com.google.android.gms:play-services-mlkit-text-recognition-common:19.1.0] AndroidManifest.xml:10:13-91
99            android:directBootAware="true"
99-->[com.google.mlkit:common:18.11.0] AndroidManifest.xml:17:13-43
100            android:exported="false" >
100-->[com.google.android.gms:play-services-mlkit-text-recognition-common:19.1.0] AndroidManifest.xml:11:13-37
101            <meta-data
101-->[com.google.android.gms:play-services-mlkit-text-recognition-common:19.1.0] AndroidManifest.xml:12:13-14:85
102                android:name="com.google.firebase.components:com.google.mlkit.vision.text.internal.TextRegistrar"
102-->[com.google.android.gms:play-services-mlkit-text-recognition-common:19.1.0] AndroidManifest.xml:13:17-114
103                android:value="com.google.firebase.components.ComponentRegistrar" />
103-->[com.google.android.gms:play-services-mlkit-text-recognition-common:19.1.0] AndroidManifest.xml:14:17-82
104            <meta-data
104-->[com.google.mlkit:vision-common:17.3.0] AndroidManifest.xml:12:13-14:85
105                android:name="com.google.firebase.components:com.google.mlkit.vision.common.internal.VisionCommonRegistrar"
105-->[com.google.mlkit:vision-common:17.3.0] AndroidManifest.xml:13:17-124
106                android:value="com.google.firebase.components.ComponentRegistrar" />
106-->[com.google.mlkit:vision-common:17.3.0] AndroidManifest.xml:14:17-82
107            <meta-data
107-->[com.google.mlkit:common:18.11.0] AndroidManifest.xml:20:13-22:85
108                android:name="com.google.firebase.components:com.google.mlkit.common.internal.CommonComponentRegistrar"
108-->[com.google.mlkit:common:18.11.0] AndroidManifest.xml:21:17-120
109                android:value="com.google.firebase.components.ComponentRegistrar" />
109-->[com.google.mlkit:common:18.11.0] AndroidManifest.xml:22:17-82
110        </service>
111
112        <provider
112-->[com.google.mlkit:common:18.11.0] AndroidManifest.xml:9:9-13:38
113            android:name="com.google.mlkit.common.internal.MlKitInitProvider"
113-->[com.google.mlkit:common:18.11.0] AndroidManifest.xml:10:13-78
114            android:authorities="com.example.gestionturnosapp.mlkitinitprovider"
114-->[com.google.mlkit:common:18.11.0] AndroidManifest.xml:11:13-69
115            android:exported="false"
115-->[com.google.mlkit:common:18.11.0] AndroidManifest.xml:12:13-37
116            android:initOrder="99" />
116-->[com.google.mlkit:common:18.11.0] AndroidManifest.xml:13:13-35
117
118        <service
118-->[com.google.firebase:firebase-messaging-ktx:24.1.0] AndroidManifest.xml:23:9-29:19
119            android:name="com.google.firebase.components.ComponentDiscoveryService"
119-->[com.google.firebase:firebase-messaging-ktx:24.1.0] AndroidManifest.xml:24:13-84
120            android:directBootAware="true"
120-->[com.google.firebase:firebase-common:21.0.0] AndroidManifest.xml:32:13-43
121            android:exported="false" >
121-->[com.google.firebase:firebase-messaging-ktx:24.1.0] AndroidManifest.xml:25:13-37
122            <meta-data
122-->[com.google.firebase:firebase-messaging-ktx:24.1.0] AndroidManifest.xml:26:13-28:85
123                android:name="com.google.firebase.components:com.google.firebase.messaging.ktx.FirebaseMessagingLegacyRegistrar"
123-->[com.google.firebase:firebase-messaging-ktx:24.1.0] AndroidManifest.xml:27:17-129
124                android:value="com.google.firebase.components.ComponentRegistrar" />
124-->[com.google.firebase:firebase-messaging-ktx:24.1.0] AndroidManifest.xml:28:17-82
125            <meta-data
125-->[com.google.firebase:firebase-messaging:24.1.0] AndroidManifest.xml:57:13-59:85
126                android:name="com.google.firebase.components:com.google.firebase.messaging.FirebaseMessagingKtxRegistrar"
126-->[com.google.firebase:firebase-messaging:24.1.0] AndroidManifest.xml:58:17-122
127                android:value="com.google.firebase.components.ComponentRegistrar" />
127-->[com.google.firebase:firebase-messaging:24.1.0] AndroidManifest.xml:59:17-82
128            <meta-data
128-->[com.google.firebase:firebase-messaging:24.1.0] AndroidManifest.xml:60:13-62:85
129                android:name="com.google.firebase.components:com.google.firebase.messaging.FirebaseMessagingRegistrar"
129-->[com.google.firebase:firebase-messaging:24.1.0] AndroidManifest.xml:61:17-119
130                android:value="com.google.firebase.components.ComponentRegistrar" />
130-->[com.google.firebase:firebase-messaging:24.1.0] AndroidManifest.xml:62:17-82
131            <meta-data
131-->[com.google.firebase:firebase-analytics-ktx:22.1.2] AndroidManifest.xml:11:13-13:85
132                android:name="com.google.firebase.components:com.google.firebase.analytics.ktx.FirebaseAnalyticsLegacyRegistrar"
132-->[com.google.firebase:firebase-analytics-ktx:22.1.2] AndroidManifest.xml:12:17-129
133                android:value="com.google.firebase.components.ComponentRegistrar" />
133-->[com.google.firebase:firebase-analytics-ktx:22.1.2] AndroidManifest.xml:13:17-82
134            <meta-data
134-->[com.google.firebase:firebase-crashlytics-ktx:19.3.0] AndroidManifest.xml:24:13-26:85
135                android:name="com.google.firebase.components:com.google.firebase.crashlytics.ktx.FirebaseCrashlyticsKtxRegistrar"
135-->[com.google.firebase:firebase-crashlytics-ktx:19.3.0] AndroidManifest.xml:25:17-130
136                android:value="com.google.firebase.components.ComponentRegistrar" />
136-->[com.google.firebase:firebase-crashlytics-ktx:19.3.0] AndroidManifest.xml:26:17-82
137            <meta-data
137-->[com.google.firebase:firebase-crashlytics:19.3.0] AndroidManifest.xml:15:13-17:85
138                android:name="com.google.firebase.components:com.google.firebase.crashlytics.FirebaseCrashlyticsKtxRegistrar"
138-->[com.google.firebase:firebase-crashlytics:19.3.0] AndroidManifest.xml:16:17-126
139                android:value="com.google.firebase.components.ComponentRegistrar" />
139-->[com.google.firebase:firebase-crashlytics:19.3.0] AndroidManifest.xml:17:17-82
140            <meta-data
140-->[com.google.firebase:firebase-crashlytics:19.3.0] AndroidManifest.xml:18:13-20:85
141                android:name="com.google.firebase.components:com.google.firebase.crashlytics.CrashlyticsRegistrar"
141-->[com.google.firebase:firebase-crashlytics:19.3.0] AndroidManifest.xml:19:17-115
142                android:value="com.google.firebase.components.ComponentRegistrar" />
142-->[com.google.firebase:firebase-crashlytics:19.3.0] AndroidManifest.xml:20:17-82
143            <meta-data
143-->[com.google.firebase:firebase-sessions:2.0.7] AndroidManifest.xml:29:13-31:85
144                android:name="com.google.firebase.components:com.google.firebase.sessions.FirebaseSessionsRegistrar"
144-->[com.google.firebase:firebase-sessions:2.0.7] AndroidManifest.xml:30:17-117
145                android:value="com.google.firebase.components.ComponentRegistrar" />
145-->[com.google.firebase:firebase-sessions:2.0.7] AndroidManifest.xml:31:17-82
146            <meta-data
146-->[com.google.android.gms:play-services-measurement-api:22.1.2] AndroidManifest.xml:37:13-39:85
147                android:name="com.google.firebase.components:com.google.firebase.analytics.connector.internal.AnalyticsConnectorRegistrar"
147-->[com.google.android.gms:play-services-measurement-api:22.1.2] AndroidManifest.xml:38:17-139
148                android:value="com.google.firebase.components.ComponentRegistrar" />
148-->[com.google.android.gms:play-services-measurement-api:22.1.2] AndroidManifest.xml:39:17-82
149            <meta-data
149-->[com.google.firebase:firebase-installations:18.0.0] AndroidManifest.xml:15:13-17:85
150                android:name="com.google.firebase.components:com.google.firebase.installations.FirebaseInstallationsKtxRegistrar"
150-->[com.google.firebase:firebase-installations:18.0.0] AndroidManifest.xml:16:17-130
151                android:value="com.google.firebase.components.ComponentRegistrar" />
151-->[com.google.firebase:firebase-installations:18.0.0] AndroidManifest.xml:17:17-82
152            <meta-data
152-->[com.google.firebase:firebase-installations:18.0.0] AndroidManifest.xml:18:13-20:85
153                android:name="com.google.firebase.components:com.google.firebase.installations.FirebaseInstallationsRegistrar"
153-->[com.google.firebase:firebase-installations:18.0.0] AndroidManifest.xml:19:17-127
154                android:value="com.google.firebase.components.ComponentRegistrar" />
154-->[com.google.firebase:firebase-installations:18.0.0] AndroidManifest.xml:20:17-82
155            <meta-data
155-->[com.google.firebase:firebase-common-ktx:21.0.0] AndroidManifest.xml:12:13-14:85
156                android:name="com.google.firebase.components:com.google.firebase.ktx.FirebaseCommonLegacyRegistrar"
156-->[com.google.firebase:firebase-common-ktx:21.0.0] AndroidManifest.xml:13:17-116
157                android:value="com.google.firebase.components.ComponentRegistrar" />
157-->[com.google.firebase:firebase-common-ktx:21.0.0] AndroidManifest.xml:14:17-82
158            <meta-data
158-->[com.google.firebase:firebase-common:21.0.0] AndroidManifest.xml:35:13-37:85
159                android:name="com.google.firebase.components:com.google.firebase.FirebaseCommonKtxRegistrar"
159-->[com.google.firebase:firebase-common:21.0.0] AndroidManifest.xml:36:17-109
160                android:value="com.google.firebase.components.ComponentRegistrar" />
160-->[com.google.firebase:firebase-common:21.0.0] AndroidManifest.xml:37:17-82
161            <meta-data
161-->[com.google.firebase:firebase-datatransport:19.0.0] AndroidManifest.xml:25:13-27:85
162                android:name="com.google.firebase.components:com.google.firebase.datatransport.TransportRegistrar"
162-->[com.google.firebase:firebase-datatransport:19.0.0] AndroidManifest.xml:26:17-115
163                android:value="com.google.firebase.components.ComponentRegistrar" />
163-->[com.google.firebase:firebase-datatransport:19.0.0] AndroidManifest.xml:27:17-82
164        </service>
165
166        <receiver
166-->[com.google.firebase:firebase-messaging:24.1.0] AndroidManifest.xml:29:9-40:20
167            android:name="com.google.firebase.iid.FirebaseInstanceIdReceiver"
167-->[com.google.firebase:firebase-messaging:24.1.0] AndroidManifest.xml:30:13-78
168            android:exported="true"
168-->[com.google.firebase:firebase-messaging:24.1.0] AndroidManifest.xml:31:13-36
169            android:permission="com.google.android.c2dm.permission.SEND" >
169-->[com.google.firebase:firebase-messaging:24.1.0] AndroidManifest.xml:32:13-73
170            <intent-filter>
170-->[com.google.firebase:firebase-messaging:24.1.0] AndroidManifest.xml:33:13-35:29
171                <action android:name="com.google.android.c2dm.intent.RECEIVE" />
171-->[com.google.firebase:firebase-messaging:24.1.0] AndroidManifest.xml:34:17-81
171-->[com.google.firebase:firebase-messaging:24.1.0] AndroidManifest.xml:34:25-78
172            </intent-filter>
173
174            <meta-data
174-->[com.google.firebase:firebase-messaging:24.1.0] AndroidManifest.xml:37:13-39:40
175                android:name="com.google.android.gms.cloudmessaging.FINISHED_AFTER_HANDLED"
175-->[com.google.firebase:firebase-messaging:24.1.0] AndroidManifest.xml:38:17-92
176                android:value="true" />
176-->[com.google.firebase:firebase-messaging:24.1.0] AndroidManifest.xml:39:17-37
177        </receiver>
178        <!--
179             FirebaseMessagingService performs security checks at runtime,
180             but set to not exported to explicitly avoid allowing another app to call it.
181        -->
182        <service
182-->[com.google.firebase:firebase-messaging:24.1.0] AndroidManifest.xml:46:9-53:19
183            android:name="com.google.firebase.messaging.FirebaseMessagingService"
183-->[com.google.firebase:firebase-messaging:24.1.0] AndroidManifest.xml:47:13-82
184            android:directBootAware="true"
184-->[com.google.firebase:firebase-messaging:24.1.0] AndroidManifest.xml:48:13-43
185            android:exported="false" >
185-->[com.google.firebase:firebase-messaging:24.1.0] AndroidManifest.xml:49:13-37
186            <intent-filter android:priority="-500" >
186-->src\main\AndroidManifest.xml:53:13-55:29
187                <action android:name="com.google.firebase.MESSAGING_EVENT" />
187-->src\main\AndroidManifest.xml:54:17-78
187-->src\main\AndroidManifest.xml:54:25-75
188            </intent-filter>
189        </service>
190
191        <receiver
191-->[com.google.android.gms:play-services-measurement:22.1.2] AndroidManifest.xml:29:9-33:20
192            android:name="com.google.android.gms.measurement.AppMeasurementReceiver"
192-->[com.google.android.gms:play-services-measurement:22.1.2] AndroidManifest.xml:30:13-85
193            android:enabled="true"
193-->[com.google.android.gms:play-services-measurement:22.1.2] AndroidManifest.xml:31:13-35
194            android:exported="false" >
194-->[com.google.android.gms:play-services-measurement:22.1.2] AndroidManifest.xml:32:13-37
195        </receiver>
196
197        <service
197-->[com.google.android.gms:play-services-measurement:22.1.2] AndroidManifest.xml:35:9-38:40
198            android:name="com.google.android.gms.measurement.AppMeasurementService"
198-->[com.google.android.gms:play-services-measurement:22.1.2] AndroidManifest.xml:36:13-84
199            android:enabled="true"
199-->[com.google.android.gms:play-services-measurement:22.1.2] AndroidManifest.xml:37:13-35
200            android:exported="false" />
200-->[com.google.android.gms:play-services-measurement:22.1.2] AndroidManifest.xml:38:13-37
201        <service
201-->[com.google.android.gms:play-services-measurement:22.1.2] AndroidManifest.xml:39:9-43:72
202            android:name="com.google.android.gms.measurement.AppMeasurementJobService"
202-->[com.google.android.gms:play-services-measurement:22.1.2] AndroidManifest.xml:40:13-87
203            android:enabled="true"
203-->[com.google.android.gms:play-services-measurement:22.1.2] AndroidManifest.xml:41:13-35
204            android:exported="false"
204-->[com.google.android.gms:play-services-measurement:22.1.2] AndroidManifest.xml:42:13-37
205            android:permission="android.permission.BIND_JOB_SERVICE" />
205-->[com.google.android.gms:play-services-measurement:22.1.2] AndroidManifest.xml:43:13-69
206
207        <activity
207-->[com.google.android.gms:play-services-base:18.5.0] AndroidManifest.xml:5:9-173
208            android:name="com.google.android.gms.common.api.GoogleApiActivity"
208-->[com.google.android.gms:play-services-base:18.5.0] AndroidManifest.xml:5:19-85
209            android:exported="false"
209-->[com.google.android.gms:play-services-base:18.5.0] AndroidManifest.xml:5:146-170
210            android:theme="@android:style/Theme.Translucent.NoTitleBar" />
210-->[com.google.android.gms:play-services-base:18.5.0] AndroidManifest.xml:5:86-145
211
212        <service
212-->[com.google.firebase:firebase-sessions:2.0.7] AndroidManifest.xml:22:9-25:40
213            android:name="com.google.firebase.sessions.SessionLifecycleService"
213-->[com.google.firebase:firebase-sessions:2.0.7] AndroidManifest.xml:23:13-80
214            android:enabled="true"
214-->[com.google.firebase:firebase-sessions:2.0.7] AndroidManifest.xml:24:13-35
215            android:exported="false" />
215-->[com.google.firebase:firebase-sessions:2.0.7] AndroidManifest.xml:25:13-37
216
217        <property
217-->[com.google.android.gms:play-services-measurement-api:22.1.2] AndroidManifest.xml:30:9-32:61
218            android:name="android.adservices.AD_SERVICES_CONFIG"
218-->[com.google.android.gms:play-services-measurement-api:22.1.2] AndroidManifest.xml:31:13-65
219            android:resource="@xml/ga_ad_services_config" />
219-->[com.google.android.gms:play-services-measurement-api:22.1.2] AndroidManifest.xml:32:13-58
220
221        <provider
221-->[com.google.firebase:firebase-common:21.0.0] AndroidManifest.xml:23:9-28:39
222            android:name="com.google.firebase.provider.FirebaseInitProvider"
222-->[com.google.firebase:firebase-common:21.0.0] AndroidManifest.xml:24:13-77
223            android:authorities="com.example.gestionturnosapp.firebaseinitprovider"
223-->[com.google.firebase:firebase-common:21.0.0] AndroidManifest.xml:25:13-72
224            android:directBootAware="true"
224-->[com.google.firebase:firebase-common:21.0.0] AndroidManifest.xml:26:13-43
225            android:exported="false"
225-->[com.google.firebase:firebase-common:21.0.0] AndroidManifest.xml:27:13-37
226            android:initOrder="100" />
226-->[com.google.firebase:firebase-common:21.0.0] AndroidManifest.xml:28:13-36
227        <provider
227-->[androidx.emoji2:emoji2:1.3.0] AndroidManifest.xml:24:9-32:20
228            android:name="androidx.startup.InitializationProvider"
228-->[androidx.emoji2:emoji2:1.3.0] AndroidManifest.xml:25:13-67
229            android:authorities="com.example.gestionturnosapp.androidx-startup"
229-->[androidx.emoji2:emoji2:1.3.0] AndroidManifest.xml:26:13-68
230            android:exported="false" >
230-->[androidx.emoji2:emoji2:1.3.0] AndroidManifest.xml:27:13-37
231            <meta-data
231-->[androidx.emoji2:emoji2:1.3.0] AndroidManifest.xml:29:13-31:52
232                android:name="androidx.emoji2.text.EmojiCompatInitializer"
232-->[androidx.emoji2:emoji2:1.3.0] AndroidManifest.xml:30:17-75
233                android:value="androidx.startup" />
233-->[androidx.emoji2:emoji2:1.3.0] AndroidManifest.xml:31:17-49
234            <meta-data
234-->[androidx.work:work-runtime:2.10.0] AndroidManifest.xml:34:13-36:52
235                android:name="androidx.work.WorkManagerInitializer"
235-->[androidx.work:work-runtime:2.10.0] AndroidManifest.xml:35:17-68
236                android:value="androidx.startup" />
236-->[androidx.work:work-runtime:2.10.0] AndroidManifest.xml:36:17-49
237            <meta-data
237-->[androidx.lifecycle:lifecycle-process:2.8.7] AndroidManifest.xml:29:13-31:52
238                android:name="androidx.lifecycle.ProcessLifecycleInitializer"
238-->[androidx.lifecycle:lifecycle-process:2.8.7] AndroidManifest.xml:30:17-78
239                android:value="androidx.startup" />
239-->[androidx.lifecycle:lifecycle-process:2.8.7] AndroidManifest.xml:31:17-49
240            <meta-data
240-->[androidx.profileinstaller:profileinstaller:1.3.1] AndroidManifest.xml:29:13-31:52
241                android:name="androidx.profileinstaller.ProfileInstallerInitializer"
241-->[androidx.profileinstaller:profileinstaller:1.3.1] AndroidManifest.xml:30:17-85
242                android:value="androidx.startup" />
242-->[androidx.profileinstaller:profileinstaller:1.3.1] AndroidManifest.xml:31:17-49
243        </provider>
244
245        <service
245-->[androidx.work:work-runtime:2.10.0] AndroidManifest.xml:39:9-45:35
246            android:name="androidx.work.impl.background.systemalarm.SystemAlarmService"
246-->[androidx.work:work-runtime:2.10.0] AndroidManifest.xml:40:13-88
247            android:directBootAware="false"
247-->[androidx.work:work-runtime:2.10.0] AndroidManifest.xml:41:13-44
248            android:enabled="@bool/enable_system_alarm_service_default"
248-->[androidx.work:work-runtime:2.10.0] AndroidManifest.xml:42:13-72
249            android:exported="false" />
249-->[androidx.work:work-runtime:2.10.0] AndroidManifest.xml:43:13-37
250        <service
250-->[androidx.work:work-runtime:2.10.0] AndroidManifest.xml:46:9-52:35
251            android:name="androidx.work.impl.background.systemjob.SystemJobService"
251-->[androidx.work:work-runtime:2.10.0] AndroidManifest.xml:47:13-84
252            android:directBootAware="false"
252-->[androidx.work:work-runtime:2.10.0] AndroidManifest.xml:48:13-44
253            android:enabled="@bool/enable_system_job_service_default"
253-->[androidx.work:work-runtime:2.10.0] AndroidManifest.xml:49:13-70
254            android:exported="true"
254-->[androidx.work:work-runtime:2.10.0] AndroidManifest.xml:50:13-36
255            android:permission="android.permission.BIND_JOB_SERVICE" />
255-->[androidx.work:work-runtime:2.10.0] AndroidManifest.xml:51:13-69
256        <service
256-->[androidx.work:work-runtime:2.10.0] AndroidManifest.xml:53:9-59:35
257            android:name="androidx.work.impl.foreground.SystemForegroundService"